[2017-05-26 16:57:54] main.ERROR: SQL error: Table 'surveydb.templatequestions' doesn't exist [] []
[2017-05-26 16:57:54] main.ERROR:  in query: DELETE FROM `templatequestions` WHERE idtemplate=1 [] []
[2017-05-26 16:58:25] main.ERROR: SQL error: Table 'surveydb.templatequestions' doesn't exist [] []
[2017-05-26 16:58:25] main.ERROR:  in query: DELETE FROM `templatequestions` WHERE idtemplate=1 [] []
[2017-05-26 16:58:27] main.ERROR: SQL error: Table 'surveydb.templatequestions' doesn't exist [] []
[2017-05-26 16:58:27] main.ERROR:  in query: DELETE FROM `templatequestions` WHERE idtemplate=1 [] []
[2017-05-27 01:47:07] main.ERROR: SQL error: Table 'surveydb.surveys' doesn't exist [] []
[2017-05-27 01:47:07] main.ERROR:  in query: SELECT * FROM surveys [] []
[2017-05-27 01:48:33] main.ERROR: SQL error: Table 'surveydb.surveys' doesn't exist [] []
[2017-05-27 01:48:33] main.ERROR:  in query: SELECT * FROM surveys [] []
[2017-05-27 01:51:27] main.ERROR: SQL error: Table 'surveydb.surveys' doesn't exist [] []
[2017-05-27 01:51:27] main.ERROR:  in query: SELECT * FROM surveys [] []
[2017-05-27 02:22:03] main.ERROR: SQL error: Table 'surveydb.surveys' doesn't exist [] []
[2017-05-27 02:22:03] main.ERROR:  in query: SELECT * FROM surveys [] []
[2017-05-27 06:41:33] main.ERROR: SQL error: Unknown column '37d' in 'where clause' [] []
[2017-05-27 06:41:33] main.ERROR:  in query: SELECT * FROM templatesquestions as tq WHERE tq.id=37d [] []
[2017-05-27 06:42:31] main.ERROR: SQL error: Unknown column '37d' in 'where clause' [] []
[2017-05-27 06:42:31] main.ERROR:  in query: SELECT * FROM templatesquestions as tq WHERE tq.idtemplate=37d [] []
[2017-05-27 06:42:51] main.ERROR: SQL error: Unknown column '37d' in 'where clause' [] []
[2017-05-27 06:42:51] main.ERROR:  in query: SELECT * FROM templatesquestions as tq WHERE tq.idtemplate=37d [] []
[2017-05-27 06:45:50] main.ERROR: SQL error: Unknown column '37d' in 'where clause' [] []
[2017-05-27 06:45:50] main.ERROR:  in query: SELECT * FROM templatesquestions as tq WHERE tq.idtemplate=37d [] []
[2017-05-27 07:34:44] main.ERROR: SQL error: Table 'surveydb.reponses' doesn't exist [] []
[2017-05-27 07:34:44] main.ERROR:  in query: INSERT INTO `reponses` (`user`,`templateid`) VALUES ('4', '38') [] []
[2017-05-27 07:34:54] main.ERROR: SQL error: Table 'surveydb.reponses' doesn't exist [] []
[2017-05-27 07:34:54] main.ERROR:  in query: INSERT INTO `reponses` (`user`,`templateid`) VALUES ('4', '38') [] []
[2017-05-27 07:35:40] main.ERROR: SQL error: Unknown column 'user' in 'field list' [] []
[2017-05-27 07:35:40] main.ERROR:  in query: INSERT INTO `responses` (`user`,`templateid`) VALUES ('4', '38') [] []
[2017-05-27 07:35:44] main.ERROR: SQL error: Unknown column 'user' in 'field list' [] []
[2017-05-27 07:35:44] main.ERROR:  in query: INSERT INTO `responses` (`user`,`templateid`) VALUES ('4', '38') [] []
[2017-05-27 07:56:41] main.ERROR: SQL error: Cannot add or update a child row: a foreign key constraint fails (`surveydb`.`answers`, CONSTRAINT `answers_ibfk_2` FOREIGN KEY (`questionId`) REFERENCES `questions` (`id`)) [] []
[2017-05-27 07:56:41] main.ERROR:  in query: INSERT INTO `answers` (`responseId`,`questionId`,`choice`) VALUES (5, 1, '1') [] []
[2017-05-27 08:04:51] main.ERROR: SQL error: Cannot add or update a child row: a foreign key constraint fails (`surveydb`.`answers`, CONSTRAINT `answers_ibfk_2` FOREIGN KEY (`questionId`) REFERENCES `questions` (`id`)) [] []
[2017-05-27 08:04:51] main.ERROR:  in query: INSERT INTO `answers` (`responseId`,`questionId`,`choice`) VALUES (6, 1, '1') [] []
[2017-05-27 08:04:58] main.ERROR: SQL error: Cannot add or update a child row: a foreign key constraint fails (`surveydb`.`answers`, CONSTRAINT `answers_ibfk_2` FOREIGN KEY (`questionId`) REFERENCES `questions` (`id`)) [] []
[2017-05-27 08:04:58] main.ERROR:  in query: INSERT INTO `answers` (`responseId`,`questionId`,`choice`) VALUES (7, 1, '1') [] []
